c:\users\yykim\desktop\cec\prncnt\prncnt\x64\release\prncnt.pch
c:\users\yykim\desktop\cec\prncnt\prncnt\x64\release\vc142.pdb
c:\users\yykim\desktop\cec\prncnt\prncnt\x64\release\pch.obj
c:\users\yykim\desktop\cec\prncnt\prncnt\x64\release\prncntdlg.obj
c:\users\yykim\desktop\cec\prncnt\prncnt\x64\release\prncnt.obj
c:\users\yykim\desktop\cec\prncnt\x64\release\prncnt.exe
c:\users\yykim\desktop\cec\prncnt\x64\release\prncnt.pdb
c:\users\yykim\desktop\cec\prncnt\x64\release\prncnt.ipdb
c:\users\yykim\desktop\cec\prncnt\x64\release\prncnt.iobj
c:\users\yykim\desktop\cec\prncnt\prncnt\x64\release\prncnt.res
c:\users\yykim\desktop\cec\prncnt\prncnt\x64\release\prncnt.tlog\cl.command.1.tlog
c:\users\yykim\desktop\cec\prncnt\prncnt\x64\release\prncnt.tlog\cl.read.1.tlog
c:\users\yykim\desktop\cec\prncnt\prncnt\x64\release\prncnt.tlog\cl.write.1.tlog
c:\users\yykim\desktop\cec\prncnt\prncnt\x64\release\prncnt.tlog\link.command.1.tlog
c:\users\yykim\desktop\cec\prncnt\prncnt\x64\release\prncnt.tlog\link.read.1.tlog
c:\users\yykim\desktop\cec\prncnt\prncnt\x64\release\prncnt.tlog\link.write.1.tlog
c:\users\yykim\desktop\cec\prncnt\prncnt\x64\release\prncnt.tlog\prncnt.write.1u.tlog
c:\users\yykim\desktop\cec\prncnt\prncnt\x64\release\prncnt.tlog\rc.command.1.tlog
c:\users\yykim\desktop\cec\prncnt\prncnt\x64\release\prncnt.tlog\rc.read.1.tlog
c:\users\yykim\desktop\cec\prncnt\prncnt\x64\release\prncnt.tlog\rc.write.1.tlog
